<?xml version="1.0" encoding="UTF-8" ?>
<testsuite tests="11" failures="0" name="com.hbc.tech.paintshop.analyser.PaintShopTest" time="0.188" errors="0" skipped="0">
  <properties>
[...]
</properties>
  <testcase classname="com.hbc.tech.paintshop.analyser.PaintShopTest" name="testScenario[Scenario 0: 5_GGGGG expected (G G G G G)}]" time="0.174"/>
  <testcase classname="com.hbc.tech.paintshop.analyser.PaintShopTest" name="testScenario[Scenario 1: 5_GGGGM expected (G G G G M)}]" time="0"/>
  <testcase classname="com.hbc.tech.paintshop.analyser.PaintShopTest" name="testScenario[Scenario 2: 5_GMGMG expected (G M G M G)}]" time="0.004"/>
  <testcase classname="com.hbc.tech.paintshop.analyser.PaintShopTest" name="testScenario[Scenario 3: 2_MM expected (M M)}]" time="0.001"/>
  <testcase classname="com.hbc.tech.paintshop.analyser.PaintShopTest" name="testScenario[Scenario 4: 10_GMGMGGGGGG expected (G M G M G G G G G G)}]" time="0.002"/>
  <testcase classname="com.hbc.tech.paintshop.analyser.PaintShopTest" name="testScenario[Scenario 5: 2_ANY_MM expected (M M)}]" time="0.001"/>
  <testcase classname="com.hbc.tech.paintshop.analyser.PaintShopTest" name="testScenario[Scenario 6: 1_No_solution_exists expected (java.lang.RuntimeException: com.hbc.tech.paintshop.exception.NoSolutionExistsException: No solution exists)}]" time="0.002"/>
  <testcase classname="com.hbc.tech.paintshop.analyser.PaintShopTest" name="testScenario[Scenario 7: 2_No_solution_exists expected (java.lang.RuntimeException: com.hbc.tech.paintshop.exception.NoSolutionExistsException: No solution exists)}]" time="0.001"/>
  <testcase classname="com.hbc.tech.paintshop.analyser.PaintShopTest" name="testScenario[Scenario 8: 2_InvalidMattePreference expected (java.lang.RuntimeException: com.hbc.tech.paintshop.exception.InvalidMatteChoiceException: Customer provided 2 choice for Matte Type)}]" time="0.001"/>
  <testcase classname="com.hbc.tech.paintshop.analyser.PaintShopTest" name="testScenario[Scenario 9: No_customer_preference expected (java.lang.RuntimeException: com.hbc.tech.paintshop.exception.MissingCustomerPreference: Customer preference not provided)}]" time="0.001"/>
  <testcase classname="com.hbc.tech.paintshop.analyser.PaintShopTest" name="testScenario[Scenario 10: invalid_color_range expected (java.lang.RuntimeException: com.hbc.tech.paintshop.exception.InvalidColorRangeException: Customer choice has invalid color range)}]" time="0.001"/>
</testsuite>